<?xml version="1.0" encoding="UTF-8"?>
<!-- Generated by org.testng.reporters.JUnitXMLReporter -->
<testsuite ignored="1" hostname="Sayed-Sadat" failures="2" tests="31" name="Surefire test" time="33.161" errors="0" timestamp="2023-09-17T10:48:45 PDT">
  <testcase classname="tests.RegistrationFormTest" name="@AfterTest close" time="0.006">
    <failure type="org.openqa.selenium.NoSuchSessionException" message="Session ID is null. Using WebDriver after calling quit()?
Build info: version: &amp;apos;4.8.1&amp;apos;, revision: &amp;apos;8ebccac989&amp;apos;
System info: os.name: &amp;apos;Windows 10&amp;apos;, os.arch: &amp;apos;amd64&amp;apos;, os.version: &amp;apos;10.0&amp;apos;, java.version: &amp;apos;20.0.2&amp;apos;
Driver info: org.openqa.selenium.chrome.ChromeDriver
Command: [null, close {}]
Capabilities {acceptInsecureCerts: false, browserName: chrome, browserVersion: 116.0.5845.188, chrome: {chromedriverVersion: 116.0.5845.96 (1a3918166880..., userDataDir: C:\Users\T540p\AppData\Loca...}, fedcm:accounts: true, goog:chromeOptions: {debuggerAddress: localhost:61534}, networkConnectionEnabled: false, pageLoadStrategy: normal, platformName: WINDOWS, proxy: Proxy(), se:cdp: ws://localhost:61534/devtoo..., se:cdpVersion: 116.0.5845.188, setWindowRect: true, strictFileInteractability: false, timeouts: {implicit: 0, pageLoad: 300000, script: 30000}, unhandledPromptBehavior: dismiss and notify, webauthn:extension:credBlob: true, webauthn:extension:largeBlob: true, webauthn:extension:minPinLength: true, webauthn:extension:prf: true, webauthn:virtualAuthenticators: true}">
      <![CDATA[org.openqa.selenium.NoSuchSessionException: Session ID is null. Using WebDriver after calling quit()?
Build info: version: '4.8.1', revision: '8ebccac989'
System info: os.name: 'Windows 10', os.arch: 'amd64', os.version: '10.0', java.version: '20.0.2'
Driver info: org.openqa.selenium.chrome.ChromeDriver
Command: [null, close {}]
Capabilities {acceptInsecureCerts: false, browserName: chrome, browserVersion: 116.0.5845.188, chrome: {chromedriverVersion: 116.0.5845.96 (1a3918166880..., userDataDir: C:\Users\T540p\AppData\Loca...}, fedcm:accounts: true, goog:chromeOptions: {debuggerAddress: localhost:61534}, networkConnectionEnabled: false, pageLoadStrategy: normal, platformName: WINDOWS, proxy: Proxy(), se:cdp: ws://localhost:61534/devtoo..., se:cdpVersion: 116.0.5845.188, setWindowRect: true, strictFileInteractability: false, timeouts: {implicit: 0, pageLoad: 300000, script: 30000}, unhandledPromptBehavior: dismiss and notify, webauthn:extension:credBlob: true, webauthn:extension:largeBlob: true, webauthn:extension:minPinLength: true, webauthn:extension:prf: true, webauthn:virtualAuthenticators: true}
at org.openqa.selenium.remote.HttpCommandExecutor.execute(HttpCommandExecutor.java:145)
at org.openqa.selenium.remote.service.DriverCommandExecutor.invokeExecute(DriverCommandExecutor.java:167)
at org.openqa.selenium.remote.service.DriverCommandExecutor.execute(DriverCommandExecutor.java:142)
at org.openqa.selenium.remote.RemoteWebDriver.execute(RemoteWebDriver.java:541)
at org.openqa.selenium.remote.RemoteWebDriver.execute(RemoteWebDriver.java:596)
at org.openqa.selenium.remote.RemoteWebDriver.execute(RemoteWebDriver.java:600)
at org.openqa.selenium.remote.RemoteWebDriver.close(RemoteWebDriver.java:432)
at core.BaseClass.tearDown(BaseClass.java:112)
at tests.RegistrationFormTest.close(RegistrationFormTest.java:54)
... Removed 27 stack frames]]>
    </failure>
  </testcase> <!-- @AfterTest close -->
  <testcase classname="tests.TestNG_Annotations" name="@AfterTest afterTest" time="0.0">
    <skipped/>
  </testcase> <!-- @AfterTest afterTest -->
  <testcase classname="tests.TestNG_Features" name="@AfterTest afterTest" time="0.0">
    <skipped/>
  </testcase> <!-- @AfterTest afterTest -->
  <testcase classname="tests.TestNG_Features" name="@AfterTest gracefulTearDown" time="0.0">
    <skipped/>
  </testcase> <!-- @AfterTest gracefulTearDown -->
  <testcase classname="tests.TestNG_GroupingAndDependency" name="@AfterTest afterTest" time="0.0">
    <skipped/>
  </testcase> <!-- @AfterTest afterTest -->
  <testcase classname="tests.TestNG_GroupingAndDependency" name="@AfterTest gracefulTearDown" time="0.0">
    <skipped/>
  </testcase> <!-- @AfterTest gracefulTearDown -->
  <testcase classname="tests.TestNG_Features" name="runTestMultipleTimes" time="0.001"/>
  <testcase classname="tests.TestNG_Features" name="runTestMultipleTimes" time="0.001"/>
  <testcase classname="tests.TestNG_GroupingAndDependency" name="alwaysRun" time="0.0"/>
  <testcase classname="tests.TestNG_GroupingAndDependency" name="dependsOnMethods" time="0.001"/>
  <testcase classname="tests.TestNG_Features" name="description" time="0.0"/>
  <testcase classname="tests.TestNG_GroupingAndDependency" name="description" time="0.001"/>
  <testcase classname="tests.TestNG_Features" name="dividedByZeroExample1" time="0.01"/>
  <testcase classname="tests.TestNG_Features" name="executetimeOut" time="0.016"/>
  <testcase classname="tests.TestNG_Annotations" name="failTest" time="0.014">
    <failure type="java.lang.AssertionError" message="expected [false] but found [true]">
      <![CDATA[java.lang.AssertionError: expected [false] but found [true]
at tests.TestNG_Annotations.failTest(TestNG_Annotations.java:72)
at java.base/java.util.ArrayList.forEach(ArrayList.java:1511)
... Removed 34 stack frames]]>
    </failure>
  </testcase> <!-- failTest -->
  <testcase classname="tests.LoginTest" name="login" time="0.04">
    <failure type="java.lang.AssertionError" message="expected [true] but found [false]">
      <![CDATA[java.lang.AssertionError: expected [true] but found [false]
at tests.LoginTest.login(LoginTest.java:27)
at java.base/java.util.ArrayList.forEach(ArrayList.java:1511)
... Removed 34 stack frames]]>
    </failure>
  </testcase> <!-- login -->
  <testcase classname="tests.TestNG_Annotations" name="login" time="0.0"/>
  <testcase classname="tests.RegistrationFormTest" name="registrationFormTest" time="5.09"/>
  <testcase classname="tests.RegistrationFormTest" name="registrationFormTest" time="4.251"/>
  <testcase classname="tests.TestNG_GroupingAndDependency" name="runTestMultipleTimes" time="0.0"/>
  <testcase classname="tests.TestNG_GroupingAndDependency" name="runTestMultipleTimes" time="0.0"/>
  <testcase classname="tests.DataProviderTest" name="test" time="0.004"/>
  <testcase classname="tests.DataProviderTest" name="test" time="0.0"/>
  <testcase classname="tests.TestNG_Features" name="test" time="0.0"/>
  <testcase classname="tests.TestNG_GroupingAndDependency" name="test" time="0.001"/>
  <testcase classname="tests.TestNG_Annotations" name="test0" time="0.001"/>
  <testcase classname="tests.TestNG_Annotations" name="test1" time="0.0"/>
  <testcase classname="tests.TestNG_GroupingAndDependency" name="test1" time="0.0"/>
  <testcase classname="tests.TestNG_Annotations" name="test2" time="0.0"/>
  <testcase classname="tests.TestNG_GroupingAndDependency" name="test2" time="0.002"/>
  <testcase classname="tests.TestNG_GroupingAndDependency" name="test2" time="0.004"/>
  <testcase classname="tests.TestNG_GroupingAndDependency" name="test4" time="0.001"/>
  <testcase classname="tests.TestNG_GroupingAndDependency" name="test5" time="0.0"/>
  <testcase classname="tests.TestNG_Features" name="testCaseSkipException" time="0.0"/>
  <testcase classname="tests.TestNG_Features" name="alwaysRun" time="0.0"/>
  <testcase classname="tests.TestNG_Features" name="smoke" time="0.001"/>
  <testcase classname="tests.TestNG_Features" name="integration" time="0.001"/>
  <testcase classname="tests.TestNG_GroupingAndDependency" name="test3" time="0.0">
    <ignored/>
  </testcase> <!-- test3 -->
</testsuite> <!-- Surefire test -->
