<!DOCTYPE html PUBLIC "-//W3C//DTD XHTML 1.1//EN" "https://www.w3.org/TR/xhtml11/DTD/xhtml11.dtd">
<html xmlns="https://www.w3.org/1999/xhtml">
<head>
<meta http-equiv="content-type" content="text/html; charset=UTF-8"/>
<title>TestNG Report</title>
<style type="text/css">table {margin-bottom:10px;border-collapse:collapse;empty-cells:show}th,td {border:1px solid #009;padding:.25em .5em}th {vertical-align:bottom}td {vertical-align:top}table a {font-weight:bold}.stripe td {background-color: #E6EBF9}.num {text-align:right}.passedodd td {background-color: #3F3}.passedeven td {background-color: #0A0}.skippedodd td {background-color: #DDD}.skippedeven td {background-color: #CCC}.failedodd td,.attn {background-color: #F33}.failedeven td,.stripe .attn {background-color: #D00}.stacktrace {white-space:pre;font-family:monospace}.totop {font-size:85%;text-align:center;border-bottom:2px solid #000}.invisible {display:none}</style>
</head>
<body>
<table>
<tr><th>Test</th><th># Passed</th><th># Skipped</th><th># Retried</th><th># Failed</th><th>Time (ms)</th><th>Included Groups</th><th>Excluded Groups</th></tr>
<tr><th colspan="8">Surefire suite</th></tr>
<tr><td><a href="#t0">Surefire test</a></td><td class="num">28</td><td class="num">0</td><td class="num">0</td><td class="num attn">2</td><td class="num">31,342</td><td></td><td></td></tr>
</table>
<table id='summary'><thead><tr><th>Class</th><th>Method</th><th>Start</th><th>Time (ms)</th></tr></thead><tbody><tr><th colspan="4">Surefire suite</th></tr></tbody><tbody id="t0"><tr><th colspan="4">Surefire test &#8212; failed (configuration methods)</th></tr><tr class="failedeven"><td rowspan="1">tests.RegistrationFormTest</td><td><a href="#m0">close</a></td><td rowspan="1">1694963444747</td><td rowspan="1">6</td></tr><tr><th colspan="4">Surefire test &#8212; failed</th></tr><tr class="failedeven"><td rowspan="1">tests.LoginTest</td><td><a href="#m1">login</a></td><td rowspan="1">1694963433805</td><td rowspan="1">98</td></tr><tr class="failedodd"><td rowspan="1">tests.TestNG_Annotations</td><td><a href="#m2">failTest</a></td><td rowspan="1">1694963433768</td><td rowspan="1">20</td></tr><tr><th colspan="4">Surefire test &#8212; skipped (configuration methods)</th></tr><tr class="skippedeven"><td rowspan="2">tests.TestNG_Annotations</td><td><a href="#m3">afterSuite</a></td><td rowspan="1">1694963445671</td><td rowspan="1">0</td></tr><tr class="skippedeven"><td><a href="#m4">afterTest</a></td><td rowspan="1">1694963444765</td><td rowspan="1">0</td></tr><tr class="skippedodd"><td rowspan="3">tests.TestNG_Features</td><td><a href="#m5">afterSuite</a></td><td rowspan="1">1694963445672</td><td rowspan="1">0</td></tr><tr class="skippedodd"><td><a href="#m6">afterTest</a></td><td rowspan="1">1694963444765</td><td rowspan="1">0</td></tr><tr class="skippedodd"><td><a href="#m7">gracefulTearDown</a></td><td rowspan="1">1694963444766</td><td rowspan="1">0</td></tr><tr class="skippedeven"><td rowspan="3">tests.TestNG_GroupingAndDependency</td><td><a href="#m8">afterSuite</a></td><td rowspan="1">1694963445673</td><td rowspan="1">0</td></tr><tr class="skippedeven"><td><a href="#m9">afterTest</a></td><td rowspan="1">1694963444766</td><td rowspan="1">0</td></tr><tr class="skippedeven"><td><a href="#m10">gracefulTearDown</a></td><td rowspan="1">1694963444766</td><td rowspan="1">0</td></tr><tr><th colspan="4">Surefire test &#8212; passed</th></tr><tr class="passedeven"><td rowspan="2">tests.DataProviderTest</td><td><a href="#m11">test</a></td><td rowspan="2">1694963444155</td><td rowspan="2">10</td></tr><tr class="passedeven"><td><a href="#m12">test</a></td></tr><tr class="passedodd"><td rowspan="2">tests.RegistrationFormTest</td><td><a href="#m13">registrationFormTest</a></td><td rowspan="2">1694963435200</td><td rowspan="2">4676</td></tr><tr class="passedodd"><td><a href="#m14">registrationFormTest</a></td></tr><tr class="passedeven"><td rowspan="3">tests.TestNG_Annotations</td><td><a href="#m15">login</a></td><td rowspan="1">1694963433908</td><td rowspan="1">0</td></tr><tr class="passedeven"><td><a href="#m16">test1</a></td><td rowspan="1">1694963444186</td><td rowspan="1">0</td></tr><tr class="passedeven"><td><a href="#m17">test2</a></td><td rowspan="1">1694963444201</td><td rowspan="1">0</td></tr><tr class="passedodd"><td rowspan="10">tests.TestNG_Features</td><td><a href="#m18">alwaysRun</a></td><td rowspan="1">1694963444242</td><td rowspan="1">1</td></tr><tr class="passedodd"><td><a href="#m19">description</a></td><td rowspan="1">1694963433622</td><td rowspan="1">0</td></tr><tr class="passedodd"><td><a href="#m20">dividedByZeroExample1</a></td><td rowspan="1">1694963433645</td><td rowspan="1">1</td></tr><tr class="passedodd"><td><a href="#m21">executetimeOut</a></td><td rowspan="1">1694963433678</td><td rowspan="1">64</td></tr><tr class="passedodd"><td><a href="#m22">integration</a></td><td rowspan="1">1694963444254</td><td rowspan="1">0</td></tr><tr class="passedodd"><td><a href="#m23">runTestMultipleTimes</a></td><td rowspan="2">1694963433577</td><td rowspan="2">2</td></tr><tr class="passedodd"><td><a href="#m24">runTestMultipleTimes</a></td></tr><tr class="passedodd"><td><a href="#m25">smoke</a></td><td rowspan="1">1694963444248</td><td rowspan="1">0</td></tr><tr class="passedodd"><td><a href="#m26">test</a></td><td rowspan="1">1694963444171</td><td rowspan="1">0</td></tr><tr class="passedodd"><td><a href="#m27">testCaseSkipException</a></td><td rowspan="1">1694963444237</td><td rowspan="1">1</td></tr><tr class="passedeven"><td rowspan="11">tests.TestNG_GroupingAndDependency</td><td><a href="#m28">alwaysRun</a></td><td rowspan="1">1694963433594</td><td rowspan="1">1</td></tr><tr class="passedeven"><td><a href="#m29">dependsOnMethods</a></td><td rowspan="1">1694963433611</td><td rowspan="1">0</td></tr><tr class="passedeven"><td><a href="#m30">description</a></td><td rowspan="1">1694963433640</td><td rowspan="1">2</td></tr><tr class="passedeven"><td><a href="#m31">runTestMultipleTimes</a></td><td rowspan="2">1694963444141</td><td rowspan="2">0</td></tr><tr class="passedeven"><td><a href="#m32">runTestMultipleTimes</a></td></tr><tr class="passedeven"><td><a href="#m33">test</a></td><td rowspan="1">1694963444180</td><td rowspan="1">0</td></tr><tr class="passedeven"><td><a href="#m34">test1</a></td><td rowspan="1">1694963444191</td><td rowspan="1">0</td></tr><tr class="passedeven"><td><a href="#m35">test2</a></td><td rowspan="2">1694963444217</td><td rowspan="2">4</td></tr><tr class="passedeven"><td><a href="#m36">test2</a></td></tr><tr class="passedeven"><td><a href="#m37">test4</a></td><td rowspan="1">1694963444229</td><td rowspan="1">0</td></tr><tr class="passedeven"><td><a href="#m38">test5</a></td><td rowspan="1">1694963444234</td><td rowspan="1">0</td></tr></tbody>
</table>
<h2>Surefire test</h2><h3 id="m0">tests.RegistrationFormTest#close</h3><table class="result"><tr><th>Exception</th></tr><tr><td><div class="stacktrace">org.openqa.selenium.NoSuchSessionException: Session ID is null. Using WebDriver after calling quit()?
Build info: version: &apos;4.8.1&apos;, revision: &apos;8ebccac989&apos;
System info: os.name: &apos;Windows 10&apos;, os.arch: &apos;amd64&apos;, os.version: &apos;10.0&apos;, java.version: &apos;17.0.8&apos;
Driver info: org.openqa.selenium.chrome.ChromeDriver
Command: [null, close {}]
Capabilities {acceptInsecureCerts: false, browserName: chrome, browserVersion: 116.0.5845.188, chrome: {chromedriverVersion: 116.0.5845.96 (1a3918166880..., userDataDir: C:\Users\T540p\AppData\Loca...}, fedcm:accounts: true, goog:chromeOptions: {debuggerAddress: localhost:53341}, networkConnectionEnabled: false, pageLoadStrategy: normal, platformName: WINDOWS, proxy: Proxy(), se:cdp: ws://localhost:53341/devtoo..., se:cdpVersion: 116.0.5845.188, setWindowRect: true, strictFileInteractability: false, timeouts: {implicit: 0, pageLoad: 300000, script: 30000}, unhandledPromptBehavior: dismiss and notify, webauthn:extension:credBlob: true, webauthn:extension:largeBlob: true, webauthn:extension:minPinLength: true, webauthn:extension:prf: true, webauthn:virtualAuthenticators: true}
	at org.openqa.selenium.remote.HttpCommandExecutor.execute(HttpCommandExecutor.java:145)
	at org.openqa.selenium.remote.service.DriverCommandExecutor.invokeExecute(DriverCommandExecutor.java:167)
	at org.openqa.selenium.remote.service.DriverCommandExecutor.execute(DriverCommandExecutor.java:142)
	at org.openqa.selenium.remote.RemoteWebDriver.execute(RemoteWebDriver.java:541)
	at org.openqa.selenium.remote.RemoteWebDriver.execute(RemoteWebDriver.java:596)
	at org.openqa.selenium.remote.RemoteWebDriver.execute(RemoteWebDriver.java:600)
	at org.openqa.selenium.remote.RemoteWebDriver.close(RemoteWebDriver.java:432)
	at core.BaseClass.tearDown(BaseClass.java:112)
	at tests.RegistrationFormTest.close(RegistrationFormTest.java:54)
... Removed 29 stack frames</div></td></tr></table><p class="totop"><a href="#summary">back to summary</a></p>
<h3 id="m1">tests.LoginTest#login</h3><table class="result"><tr><th>Exception</th></tr><tr><td><div class="stacktrace">java.lang.AssertionError: expected [true] but found [false]
	at tests.LoginTest.login(LoginTest.java:27)
	at java.base/java.util.ArrayList.forEach(ArrayList.java:1511)
... Removed 36 stack frames</div></td></tr></table><p class="totop"><a href="#summary">back to summary</a></p>
<h3 id="m2">tests.TestNG_Annotations#failTest</h3><table class="result"><tr><th>Exception</th></tr><tr><td><div class="stacktrace">java.lang.AssertionError: expected [false] but found [true]
	at tests.TestNG_Annotations.failTest(TestNG_Annotations.java:67)
	at java.base/java.util.ArrayList.forEach(ArrayList.java:1511)
... Removed 36 stack frames</div></td></tr></table><p class="totop"><a href="#summary">back to summary</a></p>
<h3 id="m3">tests.TestNG_Annotations#afterSuite</h3><table class="result"><tr><th class="invisible"/></tr></table><p class="totop"><a href="#summary">back to summary</a></p>
<h3 id="m4">tests.TestNG_Annotations#afterTest</h3><table class="result"><tr><th class="invisible"/></tr></table><p class="totop"><a href="#summary">back to summary</a></p>
<h3 id="m5">tests.TestNG_Features#afterSuite</h3><table class="result"><tr><th class="invisible"/></tr></table><p class="totop"><a href="#summary">back to summary</a></p>
<h3 id="m6">tests.TestNG_Features#afterTest</h3><table class="result"><tr><th class="invisible"/></tr></table><p class="totop"><a href="#summary">back to summary</a></p>
<h3 id="m7">tests.TestNG_Features#gracefulTearDown</h3><table class="result"><tr><th class="invisible"/></tr></table><p class="totop"><a href="#summary">back to summary</a></p>
<h3 id="m8">tests.TestNG_GroupingAndDependency#afterSuite</h3><table class="result"><tr><th class="invisible"/></tr></table><p class="totop"><a href="#summary">back to summary</a></p>
<h3 id="m9">tests.TestNG_GroupingAndDependency#afterTest</h3><table class="result"><tr><th class="invisible"/></tr></table><p class="totop"><a href="#summary">back to summary</a></p>
<h3 id="m10">tests.TestNG_GroupingAndDependency#gracefulTearDown</h3><table class="result"><tr><th class="invisible"/></tr></table><p class="totop"><a href="#summary">back to summary</a></p>
<h3 id="m11">tests.DataProviderTest#test</h3><table class="result"><tr class="param"><th>Parameter #1</th><th>Parameter #2</th></tr><tr class="param stripe"><td>user2</td><td>pass2</td></tr></table><p class="totop"><a href="#summary">back to summary</a></p>
<h3 id="m12">tests.DataProviderTest#test</h3><table class="result"><tr class="param"><th>Parameter #1</th><th>Parameter #2</th></tr><tr class="param stripe"><td>user1</td><td>pass1</td></tr></table><p class="totop"><a href="#summary">back to summary</a></p>
<h3 id="m13">tests.RegistrationFormTest#registrationFormTest</h3><table class="result"><tr class="param"><th>Parameter #1</th><th>Parameter #2</th><th>Parameter #3</th><th>Parameter #4</th><th>Parameter #5</th><th>Parameter #6</th></tr><tr class="param stripe"><td>Jawidq</td><td>Ashooryq</td><td>jawid@hotmail.comeq</td><td>3.2222222222E10</td><td>test1233</td><td>test1243</td></tr></table><p class="totop"><a href="#summary">back to summary</a></p>
<h3 id="m14">tests.RegistrationFormTest#registrationFormTest</h3><table class="result"><tr class="param"><th>Parameter #1</th><th>Parameter #2</th><th>Parameter #3</th><th>Parameter #4</th><th>Parameter #5</th><th>Parameter #6</th></tr><tr class="param stripe"><td>hamid</td><td>Saremq</td><td>hamid@gmail.comq</td><td>3.4444444444E10</td><td>123test3</td><td>123test3</td></tr></table><p class="totop"><a href="#summary">back to summary</a></p>
<h3 id="m15">tests.TestNG_Annotations#login</h3><table class="result"><tr><th class="invisible"/></tr></table><p class="totop"><a href="#summary">back to summary</a></p>
<h3 id="m16">tests.TestNG_Annotations#test1</h3><table class="result"><tr><th class="invisible"/></tr></table><p class="totop"><a href="#summary">back to summary</a></p>
<h3 id="m17">tests.TestNG_Annotations#test2</h3><table class="result"><tr><th class="invisible"/></tr></table><p class="totop"><a href="#summary">back to summary</a></p>
<h3 id="m18">tests.TestNG_Features#alwaysRun</h3><table class="result"><tr><th class="invisible"/></tr></table><p class="totop"><a href="#summary">back to summary</a></p>
<h3 id="m19">tests.TestNG_Features#description</h3><table class="result"><tr><th class="invisible"/></tr></table><p class="totop"><a href="#summary">back to summary</a></p>
<h3 id="m20">tests.TestNG_Features#dividedByZeroExample1</h3><table class="result"><tr><th>Expected Exception</th></tr><tr><td><div class="stacktrace">java.lang.ArithmeticException: / by zero
	at tests.TestNG_Features.dividedByZeroExample1(TestNG_Features.java:116)
	at java.base/java.util.ArrayList.forEach(ArrayList.java:1511)
... Removed 32 stack frames</div></td></tr></table><p class="totop"><a href="#summary">back to summary</a></p>
<h3 id="m21">tests.TestNG_Features#executetimeOut</h3><table class="result"><tr><th class="invisible"/></tr></table><p class="totop"><a href="#summary">back to summary</a></p>
<h3 id="m22">tests.TestNG_Features#integration</h3><table class="result"><tr><th class="invisible"/></tr></table><p class="totop"><a href="#summary">back to summary</a></p>
<h3 id="m23">tests.TestNG_Features#runTestMultipleTimes</h3><table class="result"><tr><th class="invisible"/></tr></table><p class="totop"><a href="#summary">back to summary</a></p>
<h3 id="m24">tests.TestNG_Features#runTestMultipleTimes</h3><table class="result"><tr><th class="invisible"/></tr></table><p class="totop"><a href="#summary">back to summary</a></p>
<h3 id="m25">tests.TestNG_Features#smoke</h3><table class="result"><tr><th class="invisible"/></tr></table><p class="totop"><a href="#summary">back to summary</a></p>
<h3 id="m26">tests.TestNG_Features#test</h3><table class="result"><tr><th class="invisible"/></tr></table><p class="totop"><a href="#summary">back to summary</a></p>
<h3 id="m27">tests.TestNG_Features#testCaseSkipException</h3><table class="result"><tr><th class="invisible"/></tr></table><p class="totop"><a href="#summary">back to summary</a></p>
<h3 id="m28">tests.TestNG_GroupingAndDependency#alwaysRun</h3><table class="result"><tr><th class="invisible"/></tr></table><p class="totop"><a href="#summary">back to summary</a></p>
<h3 id="m29">tests.TestNG_GroupingAndDependency#dependsOnMethods</h3><table class="result"><tr><th class="invisible"/></tr></table><p class="totop"><a href="#summary">back to summary</a></p>
<h3 id="m30">tests.TestNG_GroupingAndDependency#description</h3><table class="result"><tr><th class="invisible"/></tr></table><p class="totop"><a href="#summary">back to summary</a></p>
<h3 id="m31">tests.TestNG_GroupingAndDependency#runTestMultipleTimes</h3><table class="result"><tr><th class="invisible"/></tr></table><p class="totop"><a href="#summary">back to summary</a></p>
<h3 id="m32">tests.TestNG_GroupingAndDependency#runTestMultipleTimes</h3><table class="result"><tr><th class="invisible"/></tr></table><p class="totop"><a href="#summary">back to summary</a></p>
<h3 id="m33">tests.TestNG_GroupingAndDependency#test</h3><table class="result"><tr><th class="invisible"/></tr></table><p class="totop"><a href="#summary">back to summary</a></p>
<h3 id="m34">tests.TestNG_GroupingAndDependency#test1</h3><table class="result"><tr><th class="invisible"/></tr></table><p class="totop"><a href="#summary">back to summary</a></p>
<h3 id="m35">tests.TestNG_GroupingAndDependency#test2</h3><table class="result"><tr><th class="invisible"/></tr></table><p class="totop"><a href="#summary">back to summary</a></p>
<h3 id="m36">tests.TestNG_GroupingAndDependency#test2</h3><table class="result"><tr><th class="invisible"/></tr></table><p class="totop"><a href="#summary">back to summary</a></p>
<h3 id="m37">tests.TestNG_GroupingAndDependency#test4</h3><table class="result"><tr><th class="invisible"/></tr></table><p class="totop"><a href="#summary">back to summary</a></p>
<h3 id="m38">tests.TestNG_GroupingAndDependency#test5</h3><table class="result"><tr><th class="invisible"/></tr></table><p class="totop"><a href="#summary">back to summary</a></p>
</body>
</html>
