<?xml version="1.0" encoding="UTF-8"?>
<testng-results ignored="0" total="5" passed="4" failed="1" skipped="0">
  <reporter-output>
  </reporter-output>
  <suite started-at="2023-09-23T16:09:27 PDT" name="Default suite" finished-at="2023-09-23T16:09:27 PDT" duration-ms="149">
    <groups>
    </groups>
    <test started-at="2023-09-23T16:09:27 PDT" name="Default test" finished-at="2023-09-23T16:09:27 PDT" duration-ms="149">
      <class name="tests.TestNG_Annotations">
        <test-method is-config="true" signature="beforeSuite()[pri:0, instance:tests.TestNG_Annotations@686449f9]" started-at="2023-09-23T16:09:27 PDT" name="beforeSuite" finished-at="2023-09-23T16:09:27 PDT" duration-ms="10" status="PASS">
          <reporter-output>
          </reporter-output>
        </test-method> <!-- beforeSuite -->
        <test-method is-config="true" signature="beforeTest()[pri:0, instance:tests.TestNG_Annotations@686449f9]" started-at="2023-09-23T16:09:27 PDT" name="beforeTest" finished-at="2023-09-23T16:09:27 PDT" duration-ms="1" status="PASS">
          <reporter-output>
          </reporter-output>
        </test-method> <!-- beforeTest -->
        <test-method is-config="true" signature="beforeClass()[pri:0, instance:tests.TestNG_Annotations@686449f9]" started-at="2023-09-23T16:09:27 PDT" name="beforeClass" finished-at="2023-09-23T16:09:27 PDT" duration-ms="1" status="PASS">
          <reporter-output>
          </reporter-output>
        </test-method> <!-- beforeClass -->
        <test-method is-config="true" signature="beforeMethod()[pri:0, instance:tests.TestNG_Annotations@686449f9]" started-at="2023-09-23T16:09:27 PDT" name="beforeMethod" finished-at="2023-09-23T16:09:27 PDT" duration-ms="1" status="PASS">
          <reporter-output>
          </reporter-output>
        </test-method> <!-- beforeMethod -->
        <test-method signature="failTest()[pri:0, instance:tests.TestNG_Annotations@686449f9]" started-at="2023-09-23T16:09:27 PDT" name="failTest" finished-at="2023-09-23T16:09:27 PDT" duration-ms="18" status="FAIL">
          <exception class="java.lang.AssertionError">
            <message>
              <![CDATA[expected [false] but found [true]]]>
            </message>
            <full-stacktrace>
              <![CDATA[java.lang.AssertionError: expected [false] but found [true]
at org.testng.Assert.fail(Assert.java:111)
at org.testng.Assert.failNotEquals(Assert.java:1578)
at org.testng.Assert.assertFalse(Assert.java:79)
at org.testng.Assert.assertFalse(Assert.java:89)
at tests.TestNG_Annotations.failTest(TestNG_Annotations.java:72)
at java.base/jdk.internal.reflect.DirectMethodHandleAccessor.invoke(DirectMethodHandleAccessor.java:104)
at java.base/java.lang.reflect.Method.invoke(Method.java:578)
at org.testng.internal.invokers.MethodInvocationHelper.invokeMethod(MethodInvocationHelper.java:139)
at org.testng.internal.invokers.TestInvoker.invokeMethod(TestInvoker.java:664)
at org.testng.internal.invokers.TestInvoker.invokeTestMethod(TestInvoker.java:227)
at org.testng.internal.invokers.MethodRunner.runInSequence(MethodRunner.java:50)
at org.testng.internal.invokers.TestInvoker$MethodInvocationAgent.invoke(TestInvoker.java:957)
at org.testng.internal.invokers.TestInvoker.invokeTestMethods(TestInvoker.java:200)
at org.testng.internal.invokers.TestMethodWorker.invokeTestMethods(TestMethodWorker.java:148)
at org.testng.internal.invokers.TestMethodWorker.run(TestMethodWorker.java:128)
at java.base/java.util.ArrayList.forEach(ArrayList.java:1511)
at org.testng.TestRunner.privateRun(TestRunner.java:848)
at org.testng.TestRunner.run(TestRunner.java:621)
at org.testng.SuiteRunner.runTest(SuiteRunner.java:443)
at org.testng.SuiteRunner.runSequentially(SuiteRunner.java:437)
at org.testng.SuiteRunner.privateRun(SuiteRunner.java:397)
at org.testng.SuiteRunner.run(SuiteRunner.java:336)
at org.testng.SuiteRunnerWorker.runSuite(SuiteRunnerWorker.java:52)
at org.testng.SuiteRunnerWorker.run(SuiteRunnerWorker.java:95)
at org.testng.TestNG.runSuitesSequentially(TestNG.java:1280)
at org.testng.TestNG.runSuitesLocally(TestNG.java:1200)
at org.testng.TestNG.runSuites(TestNG.java:1114)
at org.testng.TestNG.run(TestNG.java:1082)
at org.testng.remote.AbstractRemoteTestNG.run(AbstractRemoteTestNG.java:115)
at org.testng.remote.RemoteTestNG.initAndRun(RemoteTestNG.java:251)
at org.testng.remote.RemoteTestNG.main(RemoteTestNG.java:77)
]]>
            </full-stacktrace>
          </exception> <!-- java.lang.AssertionError -->
          <reporter-output>
          </reporter-output>
        </test-method> <!-- failTest -->
        <test-method is-config="true" signature="afterMethod()[pri:0, instance:tests.TestNG_Annotations@686449f9]" started-at="2023-09-23T16:09:27 PDT" name="afterMethod" finished-at="2023-09-23T16:09:27 PDT" duration-ms="2" status="PASS">
          <reporter-output>
          </reporter-output>
        </test-method> <!-- afterMethod -->
        <test-method is-config="true" signature="beforeMethod()[pri:0, instance:tests.TestNG_Annotations@686449f9]" started-at="2023-09-23T16:09:27 PDT" name="beforeMethod" finished-at="2023-09-23T16:09:27 PDT" duration-ms="1" status="PASS">
          <reporter-output>
          </reporter-output>
        </test-method> <!-- beforeMethod -->
        <test-method signature="login()[pri:0, instance:tests.TestNG_Annotations@686449f9]" started-at="2023-09-23T16:09:27 PDT" name="login" finished-at="2023-09-23T16:09:27 PDT" duration-ms="5" status="PASS">
          <reporter-output>
          </reporter-output>
        </test-method> <!-- login -->
        <test-method is-config="true" signature="afterMethod()[pri:0, instance:tests.TestNG_Annotations@686449f9]" started-at="2023-09-23T16:09:27 PDT" name="afterMethod" finished-at="2023-09-23T16:09:27 PDT" duration-ms="3" status="PASS">
          <reporter-output>
          </reporter-output>
        </test-method> <!-- afterMethod -->
        <test-method is-config="true" signature="beforeMethod()[pri:0, instance:tests.TestNG_Annotations@686449f9]" started-at="2023-09-23T16:09:27 PDT" name="beforeMethod" finished-at="2023-09-23T16:09:27 PDT" duration-ms="0" status="PASS">
          <reporter-output>
          </reporter-output>
        </test-method> <!-- beforeMethod -->
        <test-method signature="test0()[pri:0, instance:tests.TestNG_Annotations@686449f9]" started-at="2023-09-23T16:09:27 PDT" name="test0" finished-at="2023-09-23T16:09:27 PDT" duration-ms="6" status="PASS">
          <reporter-output>
          </reporter-output>
        </test-method> <!-- test0 -->
        <test-method is-config="true" signature="afterMethod()[pri:0, instance:tests.TestNG_Annotations@686449f9]" started-at="2023-09-23T16:09:27 PDT" name="afterMethod" finished-at="2023-09-23T16:09:27 PDT" duration-ms="2" status="PASS">
          <reporter-output>
          </reporter-output>
        </test-method> <!-- afterMethod -->
        <test-method is-config="true" signature="beforeMethod()[pri:0, instance:tests.TestNG_Annotations@686449f9]" started-at="2023-09-23T16:09:27 PDT" name="beforeMethod" finished-at="2023-09-23T16:09:27 PDT" duration-ms="2" status="PASS">
          <reporter-output>
          </reporter-output>
        </test-method> <!-- beforeMethod -->
        <test-method signature="test1()[pri:0, instance:tests.TestNG_Annotations@686449f9]" started-at="2023-09-23T16:09:27 PDT" name="test1" finished-at="2023-09-23T16:09:27 PDT" duration-ms="5" status="PASS">
          <reporter-output>
          </reporter-output>
        </test-method> <!-- test1 -->
        <test-method is-config="true" signature="afterMethod()[pri:0, instance:tests.TestNG_Annotations@686449f9]" started-at="2023-09-23T16:09:27 PDT" name="afterMethod" finished-at="2023-09-23T16:09:27 PDT" duration-ms="0" status="PASS">
          <reporter-output>
          </reporter-output>
        </test-method> <!-- afterMethod -->
        <test-method is-config="true" signature="beforeMethod()[pri:0, instance:tests.TestNG_Annotations@686449f9]" started-at="2023-09-23T16:09:27 PDT" name="beforeMethod" finished-at="2023-09-23T16:09:27 PDT" duration-ms="0" status="PASS">
          <reporter-output>
          </reporter-output>
        </test-method> <!-- beforeMethod -->
        <test-method signature="test2()[pri:0, instance:tests.TestNG_Annotations@686449f9]" started-at="2023-09-23T16:09:27 PDT" name="test2" finished-at="2023-09-23T16:09:27 PDT" duration-ms="4" status="PASS">
          <reporter-output>
          </reporter-output>
        </test-method> <!-- test2 -->
        <test-method is-config="true" signature="afterMethod()[pri:0, instance:tests.TestNG_Annotations@686449f9]" started-at="2023-09-23T16:09:27 PDT" name="afterMethod" finished-at="2023-09-23T16:09:27 PDT" duration-ms="0" status="PASS">
          <reporter-output>
          </reporter-output>
        </test-method> <!-- afterMethod -->
        <test-method is-config="true" signature="afterClass()[pri:0, instance:tests.TestNG_Annotations@686449f9]" started-at="2023-09-23T16:09:27 PDT" name="afterClass" finished-at="2023-09-23T16:09:27 PDT" duration-ms="0" status="PASS">
          <reporter-output>
          </reporter-output>
        </test-method> <!-- afterClass -->
        <test-method is-config="true" signature="afterTest()[pri:0, instance:tests.TestNG_Annotations@686449f9]" started-at="2023-09-23T16:09:27 PDT" name="afterTest" finished-at="2023-09-23T16:09:27 PDT" duration-ms="1" status="PASS">
          <reporter-output>
          </reporter-output>
        </test-method> <!-- afterTest -->
        <test-method is-config="true" signature="afterSuite()[pri:0, instance:tests.TestNG_Annotations@686449f9]" started-at="2023-09-23T16:09:27 PDT" name="afterSuite" finished-at="2023-09-23T16:09:27 PDT" duration-ms="0" status="PASS">
          <reporter-output>
          </reporter-output>
        </test-method> <!-- afterSuite -->
      </class> <!-- tests.TestNG_Annotations -->
    </test> <!-- Default test -->
  </suite> <!-- Default suite -->
</testng-results>
